2025-07-21 16:46:36,243 - INFO - Chrome WebDriver setup completed successfully
2025-07-21 16:46:36,243 - INFO - Attempting to login to FundSquare...
2025-07-21 16:46:41,923 - INFO - Screenshot saved: debug_after_homepage_load_20250721_164641.png
2025-07-21 16:46:52,162 - INFO - Screenshot saved: debug_after_login_20250721_164651.png
2025-07-21 16:46:52,172 - INFO - Login successful!
2025-07-21 16:46:52,173 - INFO - Analyzing current page content...
2025-07-21 16:46:52,185 - INFO - Page title: Fundsquare market infrastructure - Homepage
2025-07-21 16:46:52,199 - INFO - Current URL: https://www.fundsquare.net/homepage
2025-07-21 16:47:02,293 - INFO - Page elements: 3 forms, 7 inputs, 0 selects, 31 links
2025-07-21 16:47:02,306 - INFO - Search indicators found: ['search', 'find', 'advanced']
2025-07-21 16:47:02,309 - INFO - Starting comprehensive search for search interface...
2025-07-21 16:47:02,309 - INFO - Exploring site navigation...
2025-07-21 16:47:02,318 - INFO - Current URL: https://www.fundsquare.net/homepage
2025-07-21 16:48:13,191 - INFO - Found 4 navigation elements
2025-07-21 16:48:13,192 - INFO - Trying direct URL: https://www.fundsquare.net/search
2025-07-21 16:48:18,179 - INFO - Found 11 select elements at https://www.fundsquare.net/search
2025-07-21 16:48:19,156 - INFO - Screenshot saved: debug_search_page_search_20250721_164818.png
2025-07-21 16:48:19,157 - INFO - Extracting all available dropdown menus...
2025-07-21 16:48:19,174 - INFO - Found 11 select elements
2025-07-21 16:48:20,990 - INFO - Dropdown 1: Idpays (60 options)
2025-07-21 16:48:20,991 - INFO -   Sample option: -1 -> All jurisdictions
2025-07-21 16:48:20,991 - INFO -   Sample option: 0 -> Non luxembourg jurisdiction
2025-07-21 16:48:20,991 - INFO -   Sample option: 17 -> Australia
2025-07-21 16:48:20,992 - INFO -   ... and 57 more options
2025-07-21 16:49:24,521 - INFO - Dropdown 2: Promid (2340 options)
2025-07-21 16:49:24,521 - INFO -   Sample option: -1 -> Please choose a promoter
2025-07-21 16:49:24,521 - INFO -   Sample option: 106385 -> 10xDNA Capital Partners GmbH (DE )
2025-07-21 16:49:24,522 - INFO -   Sample option: 84129 -> 1167 Capital LLP (GB )
2025-07-21 16:49:24,522 - INFO -   ... and 2337 more options
2025-07-21 16:49:34,689 - INFO - Dropdown 3: Fondsid (1 options)
2025-07-21 16:49:34,691 - INFO -   Sample option: -1 -> Please choose a fund
2025-07-21 16:49:44,849 - INFO - Dropdown 4: Compartiment (1 options)
2025-07-21 16:49:44,849 - INFO -   Sample option: -1 -> All sub-funds
2025-07-21 16:49:45,202 - INFO - Dropdown 5: Cdtypevar (8 options)
2025-07-21 16:49:45,203 - INFO -   Sample option: -1 -> All periods
2025-07-21 16:49:45,203 - INFO -   Sample option: 1 -> issue date
2025-07-21 16:49:45,203 - INFO -   Sample option: 2 -> one year
2025-07-21 16:49:45,204 - INFO -   ... and 5 more options
2025-07-21 16:49:45,591 - INFO - Dropdown 6: Cdperf (8 options)
2025-07-21 16:49:45,592 - INFO -   Sample option: -1 -> All returns
2025-07-21 16:49:45,592 - INFO -   Sample option: 1 -> <0 %
2025-07-21 16:49:45,592 - INFO -   Sample option: 2 -> 0 and 5 %
2025-07-21 16:49:45,593 - INFO -   ... and 5 more options
2025-07-21 16:50:06,592 - INFO - Dropdown 7: Adminid (691 options)
2025-07-21 16:50:06,592 - INFO -   Sample option: -1 -> All central administrations
2025-07-21 16:50:06,593 - INFO -   Sample option: 13956 -> CSC Global Services (Lux) Sàrl (LU)
2025-07-21 16:50:06,593 - INFO -   Sample option: 84129 -> 1167 Capital LLP (GB)
2025-07-21 16:50:06,593 - INFO -   ... and 688 more options
2025-07-21 16:50:15,300 - INFO - Dropdown 8: Bqedepid (283 options)
2025-07-21 16:50:15,300 - INFO -   Sample option: -1 -> All custodians
2025-07-21 16:50:15,301 - INFO -   Sample option: 4961 -> Allianz Investmentbank AG (AT)
2025-07-21 16:50:15,301 - INFO -   Sample option: 72063 -> Alm. Brand Bank (DK)
2025-07-21 16:50:15,302 - INFO -   ... and 280 more options
2025-07-21 16:50:27,624 - INFO - Dropdown 9: Tenregid (444 options)
2025-07-21 16:50:27,625 - INFO -   Sample option: -1 -> All transfer agents
2025-07-21 16:50:27,625 - INFO -   Sample option: 13956 -> CSC Global Services (Lux) Sàrl (LU)
2025-07-21 16:50:27,626 - INFO -   Sample option: 70833 -> 3 Banken-Generali Investment-Ges. (AT)
2025-07-21 16:50:27,626 - INFO -   ... and 441 more options
2025-07-21 16:50:31,283 - INFO - Dropdown 10: Reventrid (123 options)
2025-07-21 16:50:31,283 - INFO -   Sample option: -1 -> All auditors
2025-07-21 16:50:31,285 - INFO -   Sample option: 21828 -> A3T S.A. (LU)
2025-07-21 16:50:31,285 - INFO -   Sample option: 5160 -> André Clybouw (BE)
2025-07-21 16:50:31,286 - INFO -   ... and 120 more options
2025-07-21 16:50:31,806 - INFO - Dropdown 11: Structlegid (16 options)
2025-07-21 16:50:31,807 - INFO -   Sample option: -1 -> All legal structures
2025-07-21 16:50:31,807 - INFO -   Sample option: ASEP -> ASSEP
2025-07-21 16:50:31,808 - INFO -   Sample option: FCP  -> FCP
2025-07-21 16:50:31,808 - INFO -   ... and 13 more options
2025-07-21 16:50:31,859 - INFO - Service providers saved to output/service_providers_20250721_165031.csv and output/service_providers_master.csv
