2025-07-21 00:55:27,730 - INFO - Starting service provider extraction process...
2025-07-21 00:55:28,926 - INFO - Chrome WebDriver setup completed successfully
2025-07-21 00:55:28,927 - INFO - Attempting to login to FundSquare...
2025-07-21 00:55:44,180 - INFO - Login successful!
2025-07-21 00:55:54,212 - ERROR - Failed to navigate to advanced search: Message: element not interactable
  (Session info: chrome=138.0.7204.158)
Stacktrace:
	GetHandleVerifier [0x0x7ff7e226e965+77845]
	GetHandleVerifier [0x0x7ff7e226e9c0+77936]
	(No symbol) [0x0x7ff7e2029b0c]
	(No symbol) [0x0x7ff7e2081ba4]
	(No symbol) [0x0x7ff7e20736c8]
	(No symbol) [0x0x7ff7e20a88ca]
	(No symbol) [0x0x7ff7e2072f76]
	(No symbol) [0x0x7ff7e20a8ae0]
	(No symbol) [0x0x7ff7e20d0b07]
	(No symbol) [0x0x7ff7e20a86a3]
	(No symbol) [0x0x7ff7e2071791]
	(No symbol) [0x0x7ff7e2072523]
	GetHandleVerifier [0x0x7ff7e254687d+3059501]
	GetHandleVerifier [0x0x7ff7e2540c3d+3035885]
	GetHandleVerifier [0x0x7ff7e2560430+3164896]
	GetHandleVerifier [0x0x7ff7e2288c6e+185118]
	GetHandleVerifier [0x0x7ff7e229057f+216111]
	GetHandleVerifier [0x0x7ff7e2277314+113092]
	GetHandleVerifier [0x0x7ff7e22774c9+113529]
	GetHandleVerifier [0x0x7ff7e225e2c8+10616]
	BaseThreadInitThunk [0x0x7ffd51c2e8d7+23]
	RtlUserThreadStart [0x0x7ffd52ffc34c+44]

2025-07-21 00:55:54,214 - INFO - Checking current page for search dropdowns...
2025-07-21 00:55:54,215 - INFO - Starting service provider extraction from dropdowns...
2025-07-21 00:56:04,227 - WARNING - No select elements found on page
